<?xml version="1.0" encoding="UTF-8"?>
<!-- Generated by org.testng.reporters.JUnitXMLReporter -->
<testsuite hostname="digya" name="Test" tests="10" failures="0" timestamp="8 Dec 2016 15:59:26 GMT" time="2.913" errors="0">
  <testcase name="ConnectionTest" time="0.183" classname="test.ClientTest"/>
  <testcase name="checkIndex" time="0.008" classname="crudtest.CrudDataTest"/>
  <testcase name="createIndex" time="0.349" classname="crudtest.CrudDataTest"/>
  <testcase name="termSuggestMethod" time="0.109" classname="crudtest.CrudDataTest"/>
  <testcase name="createIndexp" time="0.573" classname="crudtest.CrudDataTest"/>
  <testcase name="deleteDatap" time="0.018" classname="crudtest.CrudDataTest"/>
  <testcase name="deleteIndex" time="0.161" classname="crudtest.CrudDataTest"/>
  <testcase name="insertData" time="1.308" classname="crudtest.CrudDataTest"/>
  <testcase name="insertDatap" time="0.077" classname="crudtest.CrudDataTest"/>
  <testcase name="insertDataFromFilep" time="0.021" classname="crudtest.CrudDataTest"/>
</testsuite> <!-- Test -->
